<?xml version="1.0" encoding="UTF-8"?>
<testng-results skipped="0" failed="0" ignored="0" total="1" passed="1">
  <reporter-output>
  </reporter-output>
  <suite name="Default suite" duration-ms="49592" started-at="2019-12-28T01:56:34 IST" finished-at="2019-12-28T01:57:24 IST">
    <groups>
    </groups>
    <test name="Default test" duration-ms="49592" started-at="2019-12-28T01:56:34 IST" finished-at="2019-12-28T01:57:24 IST">
      <class name="com.live.pageTests.TripAdvisorTest">
        <test-method status="PASS" signature="initalize()[pri:0, instance:com.live.pageTests.TripAdvisorTest@2b552920]" name="initalize" is-config="true" duration-ms="16" started-at="2019-12-28T01:56:34 IST" finished-at="2019-12-28T01:56:34 IST">
          <reporter-output>
          </reporter-output>
        </test-method> <!-- initalize -->
        <test-method status="PASS" signature="init()[pri:0, instance:com.live.pageTests.TripAdvisorTest@2b552920]" name="init" is-config="true" duration-ms="23185" started-at="2019-12-28T01:56:34 IST" finished-at="2019-12-28T01:56:58 IST">
          <reporter-output>
          </reporter-output>
        </test-method> <!-- init -->
        <test-method status="PASS" signature="reviewWritingTripAdvisor()[pri:0, instance:com.live.pageTests.TripAdvisorTest@2b552920]" name="reviewWritingTripAdvisor" duration-ms="24831" started-at="2019-12-28T01:56:58 IST" finished-at="2019-12-28T01:57:22 IST">
          <reporter-output>
          </reporter-output>
        </test-method> <!-- reviewWritingTripAdvisor -->
        <test-method status="PASS" signature="tearDown()[pri:0, instance:com.live.pageTests.TripAdvisorTest@2b552920]" name="tearDown" is-config="true" duration-ms="1511" started-at="2019-12-28T01:57:22 IST" finished-at="2019-12-28T01:57:24 IST">
          <reporter-output>
          </reporter-output>
        </test-method> <!-- tearDown -->
      </class> <!-- com.live.pageTests.TripAdvisorTest -->
    </test> <!-- Default test -->
  </suite> <!-- Default suite -->
</testng-results>
